2017-08-25 15:53:42.440  INFO 25320 --- [main] com.martin.Sdemo.ShiroDemoApplication    : Starting ShiroDemoApplication on CPEKW-Q1100763 with PID 25320 (D:\Others\java\workspace\ShiroDemo\target\classes started by xiangc in D:\Others\java\workspace\ShiroDemo)
2017-08-25 15:53:42.443  INFO 25320 --- [main] com.martin.Sdemo.ShiroDemoApplication    : No active profile set, falling back to default profiles: default
2017-08-25 15:53:42.480  INFO 25320 --- [main] ationConfigEmbeddedWebApplicationContext : Refreshing org.springframework.boot.context.embedded.AnnotationConfigEmbeddedWebApplicationContext@229d10bd: startup date [Fri Aug 25 15:53:42 CST 2017]; root of context hierarchy
2017-08-25 15:53:42.962  WARN 25320 --- [main] o.s.c.a.ConfigurationClassPostProcessor  : Cannot enhance @Configuration bean definition 'beanRegistry' since its singleton instance has been created too early. The typical cause is a non-static @Bean method with a BeanDefinitionRegistryPostProcessor return type: Consider declaring such methods as 'static'.
2017-08-25 15:53:43.477  INFO 25320 --- [main] s.b.c.e.t.TomcatEmbeddedServletContainer : Tomcat initialized with port(s): 9876 (http)
2017-08-25 15:53:43.485  INFO 25320 --- [main] o.apache.catalina.core.StandardService   : Starting service [Tomcat]
2017-08-25 15:53:43.488  INFO 25320 --- [main] org.apache.catalina.core.StandardEngine  : Starting Servlet Engine: Apache Tomcat/8.5.16
2017-08-25 15:53:43.593  INFO 25320 --- [localhost-startStop-1] o.a.c.c.C.[Tomcat].[localhost].[/]       : Initializing Spring embedded WebApplicationContext
2017-08-25 15:53:43.593  INFO 25320 --- [localhost-startStop-1] o.s.web.context.ContextLoader            : Root WebApplicationContext: initialization completed in 1115 ms
2017-08-25 15:53:43.803  INFO 25320 --- [localhost-startStop-1] o.s.b.w.servlet.ServletRegistrationBean  : Mapping servlet: 'dispatcherServlet' to [/]
2017-08-25 15:53:43.806  INFO 25320 --- [localhost-startStop-1] o.s.b.w.servlet.FilterRegistrationBean   : Mapping filter: 'metricsFilter' to: [/*]
2017-08-25 15:53:43.806  INFO 25320 --- [localhost-startStop-1] o.s.b.w.servlet.FilterRegistrationBean   : Mapping filter: 'characterEncodingFilter' to: [/*]
2017-08-25 15:53:43.806  INFO 25320 --- [localhost-startStop-1] o.s.b.w.servlet.FilterRegistrationBean   : Mapping filter: 'hiddenHttpMethodFilter' to: [/*]
2017-08-25 15:53:43.807  INFO 25320 --- [localhost-startStop-1] o.s.b.w.servlet.FilterRegistrationBean   : Mapping filter: 'httpPutFormContentFilter' to: [/*]
2017-08-25 15:53:43.807  INFO 25320 --- [localhost-startStop-1] o.s.b.w.servlet.FilterRegistrationBean   : Mapping filter: 'requestContextFilter' to: [/*]
2017-08-25 15:53:43.807  INFO 25320 --- [localhost-startStop-1] o.s.b.w.servlet.FilterRegistrationBean   : Mapping filter: 'webRequestLoggingFilter' to: [/*]
2017-08-25 15:53:43.807  INFO 25320 --- [localhost-startStop-1] o.s.b.w.servlet.FilterRegistrationBean   : Mapping filter: 'applicationContextIdFilter' to: [/*]
2017-08-25 15:53:44.083  INFO 25320 --- [main] s.w.s.m.m.a.RequestMappingHandlerAdapter : Looking for @ControllerAdvice: org.springframework.boot.context.embedded.AnnotationConfigEmbeddedWebApplicationContext@229d10bd: startup date [Fri Aug 25 15:53:42 CST 2017]; root of context hierarchy
2017-08-25 15:53:44.125  INFO 25320 --- [main] s.w.s.m.m.a.RequestMappingHandlerMapping : Mapped "{[/error]}" onto public org.springframework.http.ResponseEntity<java.util.Map<java.lang.String, java.lang.Object>> org.springframework.boot.autoconfigure.web.BasicErrorController.error(javax.servlet.http.HttpServletRequest)
2017-08-25 15:53:44.126  INFO 25320 --- [main] s.w.s.m.m.a.RequestMappingHandlerMapping : Mapped "{[/error],produces=[text/html]}" onto public org.springframework.web.servlet.ModelAndView org.springframework.boot.autoconfigure.web.BasicErrorController.errorHtml(javax.servlet.http.HttpServletRequest,javax.servlet.http.HttpServletResponse)
2017-08-25 15:53:44.166  INFO 25320 --- [main] o.s.w.s.handler.SimpleUrlHandlerMapping  : Mapped URL path [/webjars/**] onto handler of type [class org.springframework.web.servlet.resource.ResourceHttpRequestHandler]
2017-08-25 15:53:44.167  INFO 25320 --- [main] o.s.w.s.handler.SimpleUrlHandlerMapping  : Mapped URL path [/**] onto handler of type [class org.springframework.web.servlet.resource.ResourceHttpRequestHandler]
2017-08-25 15:53:44.192  INFO 25320 --- [main] o.s.w.s.handler.SimpleUrlHandlerMapping  : Mapped URL path [/**/favicon.ico] onto handler of type [class org.springframework.web.servlet.resource.ResourceHttpRequestHandler]
2017-08-25 15:53:44.372  INFO 25320 --- [main] o.s.b.a.e.mvc.EndpointHandlerMapping     : Mapped "{[/health || /health.json],methods=[GET],produces=[application/vnd.spring-boot.actuator.v1+json || application/json]}" onto public java.lang.Object org.springframework.boot.actuate.endpoint.mvc.HealthMvcEndpoint.invoke(javax.servlet.http.HttpServletRequest,java.security.Principal)
2017-08-25 15:53:44.373  INFO 25320 --- [main] o.s.b.a.e.mvc.EndpointHandlerMapping     : Mapped "{[/info || /info.json],methods=[GET],produces=[application/vnd.spring-boot.actuator.v1+json || application/json]}" onto public java.lang.Object org.springframework.boot.actuate.endpoint.mvc.EndpointMvcAdapter.invoke()
2017-08-25 15:53:44.374  INFO 25320 --- [main] o.s.b.a.e.mvc.EndpointHandlerMapping     : Mapped "{[/trace || /trace.json],methods=[GET],produces=[application/vnd.spring-boot.actuator.v1+json || application/json]}" onto public java.lang.Object org.springframework.boot.actuate.endpoint.mvc.EndpointMvcAdapter.invoke()
2017-08-25 15:53:44.376  INFO 25320 --- [main] o.s.b.a.e.mvc.EndpointHandlerMapping     : Mapped "{[/auditevents || /auditevents.json],methods=[GET],produces=[application/vnd.spring-boot.actuator.v1+json || application/json]}" onto public org.springframework.http.ResponseEntity<?> org.springframework.boot.actuate.endpoint.mvc.AuditEventsMvcEndpoint.findByPrincipalAndAfterAndType(java.lang.String,java.util.Date,java.lang.String)
2017-08-25 15:53:44.377  INFO 25320 --- [main] o.s.b.a.e.mvc.EndpointHandlerMapping     : Mapped "{[/metrics/{name:.*}],methods=[GET],produces=[application/vnd.spring-boot.actuator.v1+json || application/json]}" onto public java.lang.Object org.springframework.boot.actuate.endpoint.mvc.MetricsMvcEndpoint.value(java.lang.String)
2017-08-25 15:53:44.378  INFO 25320 --- [main] o.s.b.a.e.mvc.EndpointHandlerMapping     : Mapped "{[/metrics || /metrics.json],methods=[GET],produces=[application/vnd.spring-boot.actuator.v1+json || application/json]}" onto public java.lang.Object org.springframework.boot.actuate.endpoint.mvc.EndpointMvcAdapter.invoke()
2017-08-25 15:53:44.379  INFO 25320 --- [main] o.s.b.a.e.mvc.EndpointHandlerMapping     : Mapped "{[/logfile || /logfile.json],methods=[GET || HEAD]}" onto public void org.springframework.boot.actuate.endpoint.mvc.LogFileMvcEndpoint.invoke(javax.servlet.http.HttpServletRequest,javax.servlet.http.HttpServletResponse) throws javax.servlet.ServletException,java.io.IOException
2017-08-25 15:53:44.380  INFO 25320 --- [main] o.s.b.a.e.mvc.EndpointHandlerMapping     : Mapped "{[/dump || /dump.json],methods=[GET],produces=[application/vnd.spring-boot.actuator.v1+json || application/json]}" onto public java.lang.Object org.springframework.boot.actuate.endpoint.mvc.EndpointMvcAdapter.invoke()
2017-08-25 15:53:44.382  INFO 25320 --- [main] o.s.b.a.e.mvc.EndpointHandlerMapping     : Mapped "{[/autoconfig || /autoconfig.json],methods=[GET],produces=[application/vnd.spring-boot.actuator.v1+json || application/json]}" onto public java.lang.Object org.springframework.boot.actuate.endpoint.mvc.EndpointMvcAdapter.invoke()
2017-08-25 15:53:44.383  INFO 25320 --- [main] o.s.b.a.e.mvc.EndpointHandlerMapping     : Mapped "{[/heapdump || /heapdump.json],methods=[GET],produces=[application/octet-stream]}" onto public void org.springframework.boot.actuate.endpoint.mvc.HeapdumpMvcEndpoint.invoke(boolean,javax.servlet.http.HttpServletRequest,javax.servlet.http.HttpServletResponse) throws java.io.IOException,javax.servlet.ServletException
2017-08-25 15:53:44.386  INFO 25320 --- [main] o.s.b.a.e.mvc.EndpointHandlerMapping     : Mapped "{[/mappings || /mappings.json],methods=[GET],produces=[application/vnd.spring-boot.actuator.v1+json || application/json]}" onto public java.lang.Object org.springframework.boot.actuate.endpoint.mvc.EndpointMvcAdapter.invoke()
2017-08-25 15:53:44.389  INFO 25320 --- [main] o.s.b.a.e.mvc.EndpointHandlerMapping     : Mapped "{[/loggers/{name:.*}],methods=[GET],produces=[application/vnd.spring-boot.actuator.v1+json || application/json]}" onto public java.lang.Object org.springframework.boot.actuate.endpoint.mvc.LoggersMvcEndpoint.get(java.lang.String)
2017-08-25 15:53:44.390  INFO 25320 --- [main] o.s.b.a.e.mvc.EndpointHandlerMapping     : Mapped "{[/loggers/{name:.*}],methods=[POST],consumes=[application/vnd.spring-boot.actuator.v1+json || application/json],produces=[application/vnd.spring-boot.actuator.v1+json || application/json]}" onto public java.lang.Object org.springframework.boot.actuate.endpoint.mvc.LoggersMvcEndpoint.set(java.lang.String,java.util.Map<java.lang.String, java.lang.String>)
2017-08-25 15:53:44.390  INFO 25320 --- [main] o.s.b.a.e.mvc.EndpointHandlerMapping     : Mapped "{[/loggers || /loggers.json],methods=[GET],produces=[application/vnd.spring-boot.actuator.v1+json || application/json]}" onto public java.lang.Object org.springframework.boot.actuate.endpoint.mvc.EndpointMvcAdapter.invoke()
2017-08-25 15:53:44.391  INFO 25320 --- [main] o.s.b.a.e.mvc.EndpointHandlerMapping     : Mapped "{[/configprops || /configprops.json],methods=[GET],produces=[application/vnd.spring-boot.actuator.v1+json || application/json]}" onto public java.lang.Object org.springframework.boot.actuate.endpoint.mvc.EndpointMvcAdapter.invoke()
2017-08-25 15:53:44.393  INFO 25320 --- [main] o.s.b.a.e.mvc.EndpointHandlerMapping     : Mapped "{[/env/{name:.*}],methods=[GET],produces=[application/vnd.spring-boot.actuator.v1+json || application/json]}" onto public java.lang.Object org.springframework.boot.actuate.endpoint.mvc.EnvironmentMvcEndpoint.value(java.lang.String)
2017-08-25 15:53:44.393  INFO 25320 --- [main] o.s.b.a.e.mvc.EndpointHandlerMapping     : Mapped "{[/env || /env.json],methods=[GET],produces=[application/vnd.spring-boot.actuator.v1+json || application/json]}" onto public java.lang.Object org.springframework.boot.actuate.endpoint.mvc.EndpointMvcAdapter.invoke()
2017-08-25 15:53:44.394  INFO 25320 --- [main] o.s.b.a.e.mvc.EndpointHandlerMapping     : Mapped "{[/beans || /beans.json],methods=[GET],produces=[application/vnd.spring-boot.actuator.v1+json || application/json]}" onto public java.lang.Object org.springframework.boot.actuate.endpoint.mvc.EndpointMvcAdapter.invoke()
2017-08-25 15:53:44.492  INFO 25320 --- [main] o.s.j.e.a.AnnotationMBeanExporter        : Registering beans for JMX exposure on startup
2017-08-25 15:53:44.500  INFO 25320 --- [main] o.s.c.support.DefaultLifecycleProcessor  : Starting beans in phase 0
2017-08-25 15:53:44.548  INFO 25320 --- [main] s.a.ScheduledAnnotationBeanPostProcessor : No TaskScheduler/ScheduledExecutorService bean found for scheduled processing
2017-08-25 15:53:44.553  INFO 25320 --- [pool-1-thread-1] com.martin.Sdemo.ScheduleDemo            : This is scheduled out!Fri Aug 25 15:53:44 CST 2017
2017-08-25 15:53:44.583  INFO 25320 --- [main] s.b.c.e.t.TomcatEmbeddedServletContainer : Tomcat started on port(s): 9876 (http)
2017-08-25 15:53:44.909  INFO 25320 --- [main] a.s.s.m.AbstractValidatingSessionManager : Enabling session validation scheduler...
2017-08-25 15:53:44.917  INFO 25320 --- [main] com.martin.Sdemo.ShiroDemoApplication    : Started ShiroDemoApplication in 2.732 seconds (JVM running for 3.41)
2017-08-25 15:53:49.553  INFO 25320 --- [pool-1-thread-1] com.martin.Sdemo.ScheduleDemo            : This is scheduled out!Fri Aug 25 15:53:49 CST 2017
2017-08-25 15:53:50.553  INFO 25320 --- [pool-1-thread-1] com.martin.Sdemo.ScheduleDemo            : DemoTimer2: This is scheduled out!Fri Aug 25 15:53:50 CST 2017
2017-08-25 15:53:53.554  INFO 25320 --- [pool-1-thread-1] com.martin.Sdemo.ScheduleDemo            : DemoTimer2: This is scheduled out!Fri Aug 25 15:53:53 CST 2017
2017-08-25 15:53:54.553  INFO 25320 --- [pool-1-thread-1] com.martin.Sdemo.ScheduleDemo            : This is scheduled out!Fri Aug 25 15:53:54 CST 2017
2017-08-25 15:53:56.556  INFO 25320 --- [pool-1-thread-1] com.martin.Sdemo.ScheduleDemo            : DemoTimer2: This is scheduled out!Fri Aug 25 15:53:56 CST 2017
2017-08-25 15:53:59.553  INFO 25320 --- [pool-1-thread-1] com.martin.Sdemo.ScheduleDemo            : This is scheduled out!Fri Aug 25 15:53:59 CST 2017
2017-08-25 15:53:59.558  INFO 25320 --- [pool-1-thread-1] com.martin.Sdemo.ScheduleDemo            : DemoTimer2: This is scheduled out!Fri Aug 25 15:53:59 CST 2017
2017-08-25 15:54:02.560  INFO 25320 --- [pool-1-thread-1] com.martin.Sdemo.ScheduleDemo            : DemoTimer2: This is scheduled out!Fri Aug 25 15:54:02 CST 2017
2017-08-25 15:54:04.552  INFO 25320 --- [pool-1-thread-1] com.martin.Sdemo.ScheduleDemo            : This is scheduled out!Fri Aug 25 15:54:04 CST 2017
2017-08-25 15:54:05.562  INFO 25320 --- [pool-1-thread-1] com.martin.Sdemo.ScheduleDemo            : DemoTimer2: This is scheduled out!Fri Aug 25 15:54:05 CST 2017
2017-08-25 15:54:08.563  INFO 25320 --- [pool-1-thread-1] com.martin.Sdemo.ScheduleDemo            : DemoTimer2: This is scheduled out!Fri Aug 25 15:54:08 CST 2017
2017-08-25 15:54:09.553  INFO 25320 --- [pool-1-thread-1] com.martin.Sdemo.ScheduleDemo            : This is scheduled out!Fri Aug 25 15:54:09 CST 2017
2017-08-25 15:54:11.564  INFO 25320 --- [pool-1-thread-1] com.martin.Sdemo.ScheduleDemo            : DemoTimer2: This is scheduled out!Fri Aug 25 15:54:11 CST 2017
2017-08-25 15:54:14.554  INFO 25320 --- [pool-1-thread-1] com.martin.Sdemo.ScheduleDemo            : This is scheduled out!Fri Aug 25 15:54:14 CST 2017
2017-08-25 15:54:14.567  INFO 25320 --- [pool-1-thread-1] com.martin.Sdemo.ScheduleDemo            : DemoTimer2: This is scheduled out!Fri Aug 25 15:54:14 CST 2017
2017-08-25 15:54:17.568  INFO 25320 --- [pool-1-thread-1] com.martin.Sdemo.ScheduleDemo            : DemoTimer2: This is scheduled out!Fri Aug 25 15:54:17 CST 2017
2017-08-25 15:54:19.553  INFO 25320 --- [pool-1-thread-1] com.martin.Sdemo.ScheduleDemo            : This is scheduled out!Fri Aug 25 15:54:19 CST 2017
2017-08-25 15:54:20.569  INFO 25320 --- [pool-1-thread-1] com.martin.Sdemo.ScheduleDemo            : DemoTimer2: This is scheduled out!Fri Aug 25 15:54:20 CST 2017
2017-08-25 15:54:23.572  INFO 25320 --- [pool-1-thread-1] com.martin.Sdemo.ScheduleDemo            : DemoTimer2: This is scheduled out!Fri Aug 25 15:54:23 CST 2017
2017-08-25 15:54:24.554  INFO 25320 --- [pool-1-thread-1] com.martin.Sdemo.ScheduleDemo            : This is scheduled out!Fri Aug 25 15:54:24 CST 2017
2017-08-25 15:54:26.574  INFO 25320 --- [pool-1-thread-1] com.martin.Sdemo.ScheduleDemo            : DemoTimer2: This is scheduled out!Fri Aug 25 15:54:26 CST 2017
2017-08-25 15:54:29.553  INFO 25320 --- [pool-1-thread-1] com.martin.Sdemo.ScheduleDemo            : This is scheduled out!Fri Aug 25 15:54:29 CST 2017
2017-08-25 15:54:29.575  INFO 25320 --- [pool-1-thread-1] com.martin.Sdemo.ScheduleDemo            : DemoTimer2: This is scheduled out!Fri Aug 25 15:54:29 CST 2017
2017-08-25 15:54:32.576  INFO 25320 --- [pool-1-thread-1] com.martin.Sdemo.ScheduleDemo            : DemoTimer2: This is scheduled out!Fri Aug 25 15:54:32 CST 2017
2017-08-25 15:54:34.553  INFO 25320 --- [pool-1-thread-1] com.martin.Sdemo.ScheduleDemo            : This is scheduled out!Fri Aug 25 15:54:34 CST 2017
2017-08-25 15:54:35.580  INFO 25320 --- [pool-1-thread-1] com.martin.Sdemo.ScheduleDemo            : DemoTimer2: This is scheduled out!Fri Aug 25 15:54:35 CST 2017
2017-08-25 15:54:38.582  INFO 25320 --- [pool-1-thread-1] com.martin.Sdemo.ScheduleDemo            : DemoTimer2: This is scheduled out!Fri Aug 25 15:54:38 CST 2017
2017-08-25 15:54:39.554  INFO 25320 --- [pool-1-thread-1] com.martin.Sdemo.ScheduleDemo            : This is scheduled out!Fri Aug 25 15:54:39 CST 2017
2017-08-25 15:54:41.583  INFO 25320 --- [pool-1-thread-1] com.martin.Sdemo.ScheduleDemo            : DemoTimer2: This is scheduled out!Fri Aug 25 15:54:41 CST 2017
2017-08-25 15:54:44.553  INFO 25320 --- [pool-1-thread-1] com.martin.Sdemo.ScheduleDemo            : This is scheduled out!Fri Aug 25 15:54:44 CST 2017
2017-08-25 15:54:44.585  INFO 25320 --- [pool-1-thread-1] com.martin.Sdemo.ScheduleDemo            : DemoTimer2: This is scheduled out!Fri Aug 25 15:54:44 CST 2017
2017-08-25 15:54:47.587  INFO 25320 --- [pool-1-thread-1] com.martin.Sdemo.ScheduleDemo            : DemoTimer2: This is scheduled out!Fri Aug 25 15:54:47 CST 2017
2017-08-25 15:54:49.553  INFO 25320 --- [pool-1-thread-1] com.martin.Sdemo.ScheduleDemo            : This is scheduled out!Fri Aug 25 15:54:49 CST 2017
2017-08-25 15:54:50.589  INFO 25320 --- [pool-1-thread-1] com.martin.Sdemo.ScheduleDemo            : DemoTimer2: This is scheduled out!Fri Aug 25 15:54:50 CST 2017
2017-08-25 15:54:53.591  INFO 25320 --- [pool-1-thread-1] com.martin.Sdemo.ScheduleDemo            : DemoTimer2: This is scheduled out!Fri Aug 25 15:54:53 CST 2017
2017-08-25 15:54:54.553  INFO 25320 --- [pool-1-thread-1] com.martin.Sdemo.ScheduleDemo            : This is scheduled out!Fri Aug 25 15:54:54 CST 2017
2017-08-25 15:54:56.592  INFO 25320 --- [pool-1-thread-1] com.martin.Sdemo.ScheduleDemo            : DemoTimer2: This is scheduled out!Fri Aug 25 15:54:56 CST 2017
2017-08-25 15:54:58.136  INFO 25320 --- [RMI TCP Connection(2)-127.0.0.1] inMXBeanRegistrar$SpringApplicationAdmin : Application shutdown requested.
2017-08-25 15:54:58.137  INFO 25320 --- [RMI TCP Connection(2)-127.0.0.1] ationConfigEmbeddedWebApplicationContext : Closing org.springframework.boot.context.embedded.AnnotationConfigEmbeddedWebApplicationContext@229d10bd: startup date [Fri Aug 25 15:53:42 CST 2017]; root of context hierarchy
2017-08-25 15:54:58.139  INFO 25320 --- [RMI TCP Connection(2)-127.0.0.1] o.s.c.support.DefaultLifecycleProcessor  : Stopping beans in phase 0
2017-08-25 15:54:58.141  INFO 25320 --- [RMI TCP Connection(2)-127.0.0.1] o.s.j.e.a.AnnotationMBeanExporter        : Unregistering JMX-exposed beans on shutdown
